[0] StackTrace Sanitizing stacktrace:
org.codehaus.groovy.control.MultipleCompilationErrorsException: startup failed, C:\Dev\workspace\rjcacegi\RJCAcegiGrailsPlugin.groovy: 112: unexpected token: * @ line 112, column 9.
           */
           ^

1 error

	at org.codehaus.groovy.control.ErrorCollector.failIfErrors(ErrorCollector.java:296)
	at org.codehaus.groovy.control.ErrorCollector.addFatalError(ErrorCollector.java:143)
	at org.codehaus.groovy.control.ErrorCollector.addError(ErrorCollector.java:113)
	at org.codehaus.groovy.control.ErrorCollector.addError(ErrorCollector.java:125)
	at org.codehaus.groovy.control.SourceUnit.addError(SourceUnit.java:348)
	at org.codehaus.groovy.antlr.AntlrParserPlugin.parseCST(AntlrParserPlugin.java:85)
	at org.codehaus.groovy.control.SourceUnit.parse(SourceUnit.java:244)
	at org.codehaus.groovy.control.CompilationUnit$1.call(CompilationUnit.java:143)
	at org.codehaus.groovy.control.CompilationUnit.applyToSourceUnits(CompilationUnit.java:772)
	at org.codehaus.groovy.control.CompilationUnit.compile(CompilationUnit.java:438)
	at org.codehaus.groovy.control.CompilationUnit.compile(CompilationUnit.java:417)
	at sun.reflect.NativeMethodAccessorImpl.invoke0(Native Method)
	at sun.reflect.NativeMethodAccessorImpl.invoke(Unknown Source)
	at sun.reflect.DelegatingMethodAccessorImpl.invoke(Unknown Source)
	at java.lang.reflect.Method.invoke(Unknown Source)
	at org.codehaus.groovy.reflection.CachedMethod.invoke(CachedMethod.java:86)
	at groovy.lang.MetaMethod.doMethodInvoke(MetaMethod.java:226)
	at groovy.lang.MetaClassImpl.invokeMethod(MetaClassImpl.java:899)
	at groovy.lang.ExpandoMetaClass.invokeMethod(ExpandoMetaClass.java:946)
	at groovy.lang.MetaClassImpl.invokeMethod(MetaClassImpl.java:740)
	at org.codehaus.groovy.runtime.InvokerHelper.invokePojoMethod(InvokerHelper.java:765)
	at org.codehaus.groovy.runtime.InvokerHelper.invokeMethod(InvokerHelper.java:753)
	at org.codehaus.groovy.runtime.ScriptBytecodeAdapter.invokeMethodN(ScriptBytecodeAdapter.java:167)
	at org.codehaus.groovy.runtime.ScriptBytecodeAdapter.invokeMethod0(ScriptBytecodeAdapter.java:195)
	at Package_groovy$_run_closure5_closure20.doCall(Package_groovy:205)
	at sun.reflect.NativeMethodAccessorImpl.invoke0(Native Method)
	at sun.reflect.NativeMethodAccessorImpl.invoke(Unknown Source)
	at sun.reflect.DelegatingMethodAccessorImpl.invoke(Unknown Source)
	at java.lang.reflect.Method.invoke(Unknown Source)
	at org.codehaus.groovy.reflection.CachedMethod.invoke(CachedMethod.java:86)
	at groovy.lang.MetaMethod.doMethodInvoke(MetaMethod.java:226)
	at groovy.lang.MetaClassImpl.invokeMethod(MetaClassImpl.java:899)
	at groovy.lang.ExpandoMetaClass.invokeMethod(ExpandoMetaClass.java:946)
	at org.codehaus.groovy.runtime.ScriptBytecodeAdapter.invokeMethodOnCurrentN(ScriptBytecodeAdapter.java:77)
	at Package_groovy$_run_closure5_closure20.doCall(Package_groovy)
	at sun.reflect.NativeMethodAccessorImpl.invoke0(Native Method)
	at sun.reflect.NativeMethodAccessorImpl.invoke(Unknown Source)
	at sun.reflect.DelegatingMethodAccessorImpl.invoke(Unknown Source)
	at java.lang.reflect.Method.invoke(Unknown Source)
	at org.codehaus.groovy.reflection.CachedMethod.invoke(CachedMethod.java:86)
	at groovy.lang.MetaMethod.doMethodInvoke(MetaMethod.java:226)
	at groovy.lang.MetaClassImpl.invokeMethod(MetaClassImpl.java:899)
	at groovy.lang.ExpandoMetaClass.invokeMethod(ExpandoMetaClass.java:946)
	at groovy.lang.MetaClassImpl.invokeMethod(MetaClassImpl.java:740)
	at groovy.lang.Closure.call(Closure.java:292)
	at groovy.lang.Closure.call(Closure.java:287)
	at sun.reflect.NativeMethodAccessorImpl.invoke0(Native Method)
	at sun.reflect.NativeMethodAccessorImpl.invoke(Unknown Source)
	at sun.reflect.DelegatingMethodAccessorImpl.invoke(Unknown Source)
	at java.lang.reflect.Method.invoke(Unknown Source)
	at org.codehaus.groovy.reflection.CachedMethod.invoke(CachedMethod.java:86)
	at groovy.lang.MetaMethod.doMethodInvoke(MetaMethod.java:226)
	at groovy.lang.MetaClassImpl.invokeMethod(MetaClassImpl.java:899)
	at groovy.lang.ExpandoMetaClass.invokeMethod(ExpandoMetaClass.java:946)
	at groovy.lang.MetaClassImpl.invokeMethod(MetaClassImpl.java:740)
	at org.codehaus.groovy.runtime.InvokerHelper.invokePogoMethod(InvokerHelper.java:777)
	at org.codehaus.groovy.runtime.InvokerHelper.invokeMethod(InvokerHelper.java:757)
	at org.codehaus.groovy.runtime.ScriptBytecodeAdapter.invokeMethodN(ScriptBytecodeAdapter.java:167)
	at org.codehaus.groovy.runtime.ScriptBytecodeAdapter.invokeClosure(ScriptBytecodeAdapter.java:598)
	at Init_groovy$_run_closure6.doCall(Init_groovy:127)
	at sun.reflect.NativeMethodAccessorImpl.invoke0(Native Method)
	at sun.reflect.NativeMethodAccessorImpl.invoke(Unknown Source)
	at sun.reflect.DelegatingMethodAccessorImpl.invoke(Unknown Source)
	at java.lang.reflect.Method.invoke(Unknown Source)
	at org.codehaus.groovy.reflection.CachedMethod.invoke(CachedMethod.java:86)
	at groovy.lang.MetaMethod.doMethodInvoke(MetaMethod.java:226)
	at groovy.lang.MetaClassImpl.invokeMethod(MetaClassImpl.java:899)
	at groovy.lang.ExpandoMetaClass.invokeMethod(ExpandoMetaClass.java:946)
	at groovy.lang.MetaClassImpl.invokeMethod(MetaClassImpl.java:740)
	at groovy.lang.Closure.call(Closure.java:292)
	at groovy.lang.Script.invokeMethod(Script.java:87)
	at groovy.lang.MetaClassImpl.invokeMethodOnGroovyObject(MetaClassImpl.java:934)
	at groovy.lang.MetaClassImpl.invokeMethod(MetaClassImpl.java:881)
	at groovy.lang.ExpandoMetaClass.invokeMethod(ExpandoMetaClass.java:946)
	at groovy.lang.MetaClassImpl.invokeMethod(MetaClassImpl.java:740)
	at groovy.lang.DelegatingMetaClass.invokeMethod(DelegatingMetaClass.java:142)
	at org.codehaus.gant.GantMetaClass.invokeMethod(GantMetaClass.java:79)
	at org.codehaus.gant.GantMetaClass.invokeMethod(GantMetaClass.java:94)
	at org.codehaus.groovy.runtime.ScriptBytecodeAdapter.invokeMethodOnCurrentN(ScriptBytecodeAdapter.java:77)
	at Package_groovy$_run_closure5.doCall(Package_groovy:204)
	at sun.reflect.NativeMethodAccessorImpl.invoke0(Native Method)
	at sun.reflect.NativeMethodAccessorImpl.invoke(Unknown Source)
	at sun.reflect.DelegatingMethodAccessorImpl.invoke(Unknown Source)
	at java.lang.reflect.Method.invoke(Unknown Source)
	at org.codehaus.groovy.reflection.CachedMethod.invoke(CachedMethod.java:86)
	at groovy.lang.MetaMethod.doMethodInvoke(MetaMethod.java:226)
	at groovy.lang.MetaClassImpl.invokeMethod(MetaClassImpl.java:899)
	at groovy.lang.ExpandoMetaClass.invokeMethod(ExpandoMetaClass.java:946)
	at groovy.lang.MetaClassImpl.invokeMethod(MetaClassImpl.java:740)
	at groovy.lang.DelegatingMetaClass.invokeMethod(DelegatingMetaClass.java:142)
	at org.codehaus.gant.GantMetaClass.invokeMethod(GantMetaClass.java:79)
	at org.codehaus.gant.GantMetaClass.invokeMethod(GantMetaClass.java:94)
	at org.codehaus.groovy.runtime.ScriptBytecodeAdapter.invokeMethodOnCurrentN(ScriptBytecodeAdapter.java:77)
	at Package_groovy$_run_closure5.doCall(Package_groovy)
	at sun.reflect.NativeMethodAccessorImpl.invoke0(Native Method)
	at sun.reflect.NativeMethodAccessorImpl.invoke(Unknown Source)
	at sun.reflect.DelegatingMethodAccessorImpl.invoke(Unknown Source)
	at java.lang.reflect.Method.invoke(Unknown Source)
	at org.codehaus.groovy.reflection.CachedMethod.invoke(CachedMethod.java:86)
	at groovy.lang.MetaMethod.doMethodInvoke(MetaMethod.java:226)
	at groovy.lang.MetaClassImpl.invokeMethod(MetaClassImpl.java:899)
	at groovy.lang.ExpandoMetaClass.invokeMethod(ExpandoMetaClass.java:946)
	at groovy.lang.MetaClassImpl.invokeMethod(MetaClassImpl.java:740)
	at groovy.lang.DelegatingMetaClass.invokeMethod(DelegatingMetaClass.java:142)
	at org.codehaus.gant.GantMetaClass.invokeMethod(GantMetaClass.java:79)
	at groovy.lang.Closure.call(Closure.java:292)
	at groovy.lang.Script.invokeMethod(Script.java:87)
	at groovy.lang.MetaClassImpl.invokeMethodOnGroovyObject(MetaClassImpl.java:934)
	at groovy.lang.MetaClassImpl.invokeMethod(MetaClassImpl.java:881)
	at groovy.lang.ExpandoMetaClass.invokeMethod(ExpandoMetaClass.java:946)
	at groovy.lang.MetaClassImpl.invokeMethod(MetaClassImpl.java:740)
	at groovy.lang.DelegatingMetaClass.invokeMethod(DelegatingMetaClass.java:142)
	at org.codehaus.gant.GantMetaClass.invokeMethod(GantMetaClass.java:79)
	at org.codehaus.gant.GantMetaClass.invokeMethod(GantMetaClass.java:94)
	at org.codehaus.groovy.runtime.ScriptBytecodeAdapter.invokeMethodOnCurrentN(ScriptBytecodeAdapter.java:77)
	at org.codehaus.groovy.runtime.ScriptBytecodeAdapter.invokeMethodOnCurrent0(ScriptBytecodeAdapter.java:109)
	at Package_groovy$_run_closure3.doCall(Package_groovy:149)
	at sun.reflect.NativeMethodAccessorImpl.invoke0(Native Method)
	at sun.reflect.NativeMethodAccessorImpl.invoke(Unknown Source)
	at sun.reflect.DelegatingMethodAccessorImpl.invoke(Unknown Source)
	at java.lang.reflect.Method.invoke(Unknown Source)
	at org.codehaus.groovy.reflection.CachedMethod.invoke(CachedMethod.java:86)
	at groovy.lang.MetaMethod.doMethodInvoke(MetaMethod.java:226)
	at groovy.lang.MetaClassImpl.invokeMethod(MetaClassImpl.java:899)
	at groovy.lang.ExpandoMetaClass.invokeMethod(ExpandoMetaClass.java:946)
	at groovy.lang.MetaClassImpl.invokeMethod(MetaClassImpl.java:740)
	at groovy.lang.DelegatingMetaClass.invokeMethod(DelegatingMetaClass.java:142)
	at org.codehaus.gant.GantMetaClass.invokeMethod(GantMetaClass.java:79)
	at org.codehaus.gant.GantMetaClass.invokeMethod(GantMetaClass.java:94)
	at org.codehaus.groovy.runtime.ScriptBytecodeAdapter.invokeMethodOnCurrentN(ScriptBytecodeAdapter.java:77)
	at Package_groovy$_run_closure3.doCall(Package_groovy)
	at sun.reflect.NativeMethodAccessorImpl.invoke0(Native Method)
	at sun.reflect.NativeMethodAccessorImpl.invoke(Unknown Source)
	at sun.reflect.DelegatingMethodAccessorImpl.invoke(Unknown Source)
	at java.lang.reflect.Method.invoke(Unknown Source)
	at org.codehaus.groovy.reflection.CachedMethod.invoke(CachedMethod.java:86)
	at groovy.lang.MetaMethod.doMethodInvoke(MetaMethod.java:226)
	at groovy.lang.MetaClassImpl.invokeMethod(MetaClassImpl.java:899)
	at groovy.lang.ExpandoMetaClass.invokeMethod(ExpandoMetaClass.java:946)
	at groovy.lang.MetaClassImpl.invokeMethod(MetaClassImpl.java:740)
	at groovy.lang.DelegatingMetaClass.invokeMethod(DelegatingMetaClass.java:142)
	at org.codehaus.gant.GantMetaClass.invokeMethod(GantMetaClass.java:79)
	at groovy.lang.Closure.call(Closure.java:292)
	at groovy.lang.Closure.call(Closure.java:287)
	at org.codehaus.gant.GantMetaClass.processClosure(GantMetaClass.java:52)
	at org.codehaus.gant.GantMetaClass.invokeMethod(GantMetaClass.java:60)
	at org.codehaus.gant.GantMetaClass.invokeMethod(GantMetaClass.java:94)
	at org.codehaus.groovy.runtime.ScriptBytecodeAdapter.invokeMethodOnCurrentN(ScriptBytecodeAdapter.java:77)
	at RunApp_groovy$_run_closure1.doCall(RunApp_groovy:57)
	at sun.reflect.NativeMethodAccessorImpl.invoke0(Native Method)
	at sun.reflect.NativeMethodAccessorImpl.invoke(Unknown Source)
	at sun.reflect.DelegatingMethodAccessorImpl.invoke(Unknown Source)
	at java.lang.reflect.Method.invoke(Unknown Source)
	at org.codehaus.groovy.reflection.CachedMethod.invoke(CachedMethod.java:86)
	at groovy.lang.MetaMethod.doMethodInvoke(MetaMethod.java:226)
	at groovy.lang.MetaClassImpl.invokeMethod(MetaClassImpl.java:899)
	at groovy.lang.ExpandoMetaClass.invokeMethod(ExpandoMetaClass.java:946)
	at groovy.lang.MetaClassImpl.invokeMethod(MetaClassImpl.java:740)
	at groovy.lang.DelegatingMetaClass.invokeMethod(DelegatingMetaClass.java:142)
	at org.codehaus.gant.GantMetaClass.invokeMethod(GantMetaClass.java:79)
	at org.codehaus.gant.GantMetaClass.invokeMethod(GantMetaClass.java:94)
	at org.codehaus.groovy.runtime.ScriptBytecodeAdapter.invokeMethodOnCurrentN(ScriptBytecodeAdapter.java:77)
	at RunApp_groovy$_run_closure1.doCall(RunApp_groovy)
	at sun.reflect.NativeMethodAccessorImpl.invoke0(Native Method)
	at sun.reflect.NativeMethodAccessorImpl.invoke(Unknown Source)
	at sun.reflect.DelegatingMethodAccessorImpl.invoke(Unknown Source)
	at java.lang.reflect.Method.invoke(Unknown Source)
	at org.codehaus.groovy.reflection.CachedMethod.invoke(CachedMethod.java:86)
	at groovy.lang.MetaMethod.doMethodInvoke(MetaMethod.java:226)
	at groovy.lang.MetaClassImpl.invokeMethod(MetaClassImpl.java:899)
	at groovy.lang.ExpandoMetaClass.invokeMethod(ExpandoMetaClass.java:946)
	at groovy.lang.MetaClassImpl.invokeMethod(MetaClassImpl.java:740)
	at groovy.lang.DelegatingMetaClass.invokeMethod(DelegatingMetaClass.java:142)
	at org.codehaus.gant.GantMetaClass.invokeMethod(GantMetaClass.java:79)
	at groovy.lang.Closure.call(Closure.java:292)
	at groovy.lang.Closure.call(Closure.java:287)
	at groovy.lang.Closure.run(Closure.java:368)
	at sun.reflect.NativeMethodAccessorImpl.invoke0(Native Method)
	at sun.reflect.NativeMethodAccessorImpl.invoke(Unknown Source)
	at sun.reflect.DelegatingMethodAccessorImpl.invoke(Unknown Source)
	at java.lang.reflect.Method.invoke(Unknown Source)
	at org.codehaus.groovy.reflection.CachedMethod.invoke(CachedMethod.java:86)
	at groovy.lang.MetaMethod.doMethodInvoke(MetaMethod.java:226)
	at groovy.lang.MetaClassImpl.invokeMethod(MetaClassImpl.java:899)
	at groovy.lang.ExpandoMetaClass.invokeMethod(ExpandoMetaClass.java:946)
	at groovy.lang.MetaClassImpl.invokeMethod(MetaClassImpl.java:740)
	at groovy.lang.DelegatingMetaClass.invokeMethod(DelegatingMetaClass.java:142)
	at org.codehaus.gant.GantMetaClass.invokeMethod(GantMetaClass.java:79)
	at org.codehaus.groovy.runtime.InvokerHelper.invokePogoMethod(InvokerHelper.java:777)
	at org.codehaus.groovy.runtime.InvokerHelper.invokeMethod(InvokerHelper.java:757)
	at org.codehaus.groovy.runtime.ScriptBytecodeAdapter.invokeMethodN(ScriptBytecodeAdapter.java:167)
	at org.codehaus.groovy.runtime.ScriptBytecodeAdapter.invokeMethod0(ScriptBytecodeAdapter.java:195)
	at gant.Gant.dispatch(Gant.groovy:271)
	at gant.Gant.this$2$dispatch(Gant.groovy)
	at sun.reflect.NativeMethodAccessorImpl.invoke0(Native Method)
	at sun.reflect.NativeMethodAccessorImpl.invoke(Unknown Source)
	at sun.reflect.DelegatingMethodAccessorImpl.invoke(Unknown Source)
	at java.lang.reflect.Method.invoke(Unknown Source)
	at org.codehaus.groovy.reflection.CachedMethod.invoke(CachedMethod.java:86)
	at groovy.lang.MetaMethod.doMethodInvoke(MetaMethod.java:226)
	at groovy.lang.MetaClassImpl.invokeMethod(MetaClassImpl.java:899)
	at groovy.lang.ExpandoMetaClass.invokeMethod(ExpandoMetaClass.java:946)
	at groovy.lang.MetaClassImpl.invokeMethod(MetaClassImpl.java:740)
	at groovy.lang.MetaClassImpl.invokeMethod(MetaClassImpl.java:675)
	at sun.reflect.GeneratedMethodAccessor7.invoke(Unknown Source)
	at sun.reflect.DelegatingMethodAccessorImpl.invoke(Unknown Source)
	at java.lang.reflect.Method.invoke(Unknown Source)
	at org.codehaus.groovy.reflection.CachedMethod.invoke(CachedMethod.java:86)
	at groovy.lang.MetaMethod.doMethodInvoke(MetaMethod.java:226)
	at groovy.lang.MetaClassImpl.invokeMethod(MetaClassImpl.java:899)
	at groovy.lang.MetaClassImpl.invokeMethod(MetaClassImpl.java:740)
	at org.codehaus.groovy.runtime.InvokerHelper.invokePogoMethod(InvokerHelper.java:777)
	at org.codehaus.groovy.runtime.InvokerHelper.invokeMethod(InvokerHelper.java:757)
	at org.codehaus.groovy.runtime.ScriptBytecodeAdapter.invokeMethodN(ScriptBytecodeAdapter.java:167)
	at gant.Gant.invokeMethod(Gant.groovy)
	at sun.reflect.NativeMethodAccessorImpl.invoke0(Native Method)
	at sun.reflect.NativeMethodAccessorImpl.invoke(Unknown Source)
	at sun.reflect.DelegatingMethodAccessorImpl.invoke(Unknown Source)
	at java.lang.reflect.Method.invoke(Unknown Source)
	at org.codehaus.groovy.reflection.CachedMethod.invoke(CachedMethod.java:86)
	at groovy.lang.MetaMethod.doMethodInvoke(MetaMethod.java:226)
	at groovy.lang.MetaClassImpl.invokeMethod(MetaClassImpl.java:899)
	at groovy.lang.ExpandoMetaClass.invokeMethod(ExpandoMetaClass.java:946)
	at org.codehaus.groovy.runtime.ScriptBytecodeAdapter.invokeMethodOnCurrentN(ScriptBytecodeAdapter.java:77)
	at gant.Gant.processTargets(Gant.groovy:436)
	at sun.reflect.NativeMethodAccessorImpl.invoke0(Native Method)
	at sun.reflect.NativeMethodAccessorImpl.invoke(Unknown Source)
	at sun.reflect.DelegatingMethodAccessorImpl.invoke(Unknown Source)
	at java.lang.reflect.Method.invoke(Unknown Source)
	at org.codehaus.groovy.reflection.CachedMethod.invoke(CachedMethod.java:86)
	at groovy.lang.MetaMethod.doMethodInvoke(MetaMethod.java:226)
	at groovy.lang.MetaClassImpl.invokeMethod(MetaClassImpl.java:899)
	at groovy.lang.ExpandoMetaClass.invokeMethod(ExpandoMetaClass.java:946)
	at org.codehaus.groovy.runtime.ScriptBytecodeAdapter.invokeMethodOnCurrentN(ScriptBytecodeAdapter.java:77)
	at gant.Gant.processArgs(Gant.groovy:372)
	at sun.reflect.NativeMethodAccessorImpl.invoke0(Native Method)
	at sun.reflect.NativeMethodAccessorImpl.invoke(Unknown Source)
	at sun.reflect.DelegatingMethodAccessorImpl.invoke(Unknown Source)
	at java.lang.reflect.Method.invoke(Unknown Source)
	at org.codehaus.groovy.reflection.CachedMethod.invoke(CachedMethod.java:86)
	at groovy.lang.MetaMethod.doMethodInvoke(MetaMethod.java:226)
	at groovy.lang.MetaClassImpl.invokeMethod(MetaClassImpl.java:899)
	at groovy.lang.ExpandoMetaClass.invokeMethod(ExpandoMetaClass.java:946)
	at groovy.lang.MetaClassImpl.invokeMethod(MetaClassImpl.java:740)
	at org.codehaus.groovy.runtime.InvokerHelper.invokePogoMethod(InvokerHelper.java:777)
	at org.codehaus.groovy.runtime.InvokerHelper.invokeMethod(InvokerHelper.java:757)
	at org.codehaus.groovy.runtime.ScriptBytecodeAdapter.invokeMethodN(ScriptBytecodeAdapter.java:167)
	at org.codehaus.groovy.grails.cli.GrailsScriptRunner.callPluginOrGrailsScript(GrailsScriptRunner.groovy:204)
	at sun.reflect.NativeMethodAccessorImpl.invoke0(Native Method)
	at sun.reflect.NativeMethodAccessorImpl.invoke(Unknown Source)
	at sun.reflect.DelegatingMethodAccessorImpl.invoke(Unknown Source)
	at java.lang.reflect.Method.invoke(Unknown Source)
	at org.codehaus.groovy.reflection.CachedMethod.invoke(CachedMethod.java:86)
	at groovy.lang.MetaMethod.doMethodInvoke(MetaMethod.java:226)
	at groovy.lang.MetaClassImpl.invokeStaticMethod(MetaClassImpl.java:1094)
	at groovy.lang.ExpandoMetaClass.invokeStaticMethod(ExpandoMetaClass.java:957)
	at org.codehaus.groovy.runtime.InvokerHelper.invokeStaticMethod(InvokerHelper.java:800)
	at org.codehaus.groovy.runtime.ScriptBytecodeAdapter.invokeStaticMethodN(ScriptBytecodeAdapter.java:212)
	at org.codehaus.groovy.grails.cli.GrailsScriptRunner.main(GrailsScriptRunner.groovy:124)
	at sun.reflect.NativeMethodAccessorImpl.invoke0(Native Method)
	at sun.reflect.NativeMethodAccessorImpl.invoke(Unknown Source)
	at sun.reflect.DelegatingMethodAccessorImpl.invoke(Unknown Source)
	at java.lang.reflect.Method.invoke(Unknown Source)
	at org.codehaus.groovy.tools.GroovyStarter.rootLoader(GroovyStarter.java:101)
	at sun.reflect.NativeMethodAccessorImpl.invoke0(Native Method)
	at sun.reflect.NativeMethodAccessorImpl.invoke(Unknown Source)
	at sun.reflect.DelegatingMethodAccessorImpl.invoke(Unknown Source)
	at java.lang.reflect.Method.invoke(Unknown Source)
	at org.codehaus.groovy.reflection.CachedMethod.invoke(CachedMethod.java:86)
	at groovy.lang.MetaMethod.doMethodInvoke(MetaMethod.java:226)
	at groovy.lang.MetaClassImpl.invokeStaticMethod(MetaClassImpl.java:1094)
	at org.codehaus.groovy.runtime.InvokerHelper.invokeMethod(InvokerHelper.java:748)
	at org.codehaus.groovy.runtime.ScriptBytecodeAdapter.invokeMethodN(ScriptBytecodeAdapter.java:167)
	at grails.util.GrailsMain.run(GrailsMain.groovy:16)
	at sun.reflect.NativeMethodAccessorImpl.invoke0(Native Method)
	at sun.reflect.NativeMethodAccessorImpl.invoke(Unknown Source)
	at sun.reflect.DelegatingMethodAccessorImpl.invoke(Unknown Source)
	at java.lang.reflect.Method.invoke(Unknown Source)
	at org.codehaus.groovy.reflection.CachedMethod.invoke(CachedMethod.java:86)
	at groovy.lang.MetaMethod.doMethodInvoke(MetaMethod.java:226)
	at groovy.lang.MetaClassImpl.invokeMethod(MetaClassImpl.java:899)
	at groovy.lang.MetaClassImpl.invokeMethod(MetaClassImpl.java:740)
	at org.codehaus.groovy.runtime.InvokerHelper.invokePogoMethod(InvokerHelper.java:777)
	at org.codehaus.groovy.runtime.InvokerHelper.invokeMethod(InvokerHelper.java:757)
	at org.codehaus.groovy.runtime.InvokerHelper.runScript(InvokerHelper.java:402)
	at sun.reflect.NativeMethodAccessorImpl.invoke0(Native Method)
	at sun.reflect.NativeMethodAccessorImpl.invoke(Unknown Source)
	at sun.reflect.DelegatingMethodAccessorImpl.invoke(Unknown Source)
	at java.lang.reflect.Method.invoke(Unknown Source)
	at org.codehaus.groovy.reflection.CachedMethod.invoke(CachedMethod.java:86)
	at groovy.lang.MetaMethod.doMethodInvoke(MetaMethod.java:226)
	at groovy.lang.MetaClassImpl.invokeStaticMethod(MetaClassImpl.java:1094)
	at org.codehaus.groovy.runtime.InvokerHelper.invokeMethod(InvokerHelper.java:748)
	at org.codehaus.groovy.runtime.ScriptBytecodeAdapter.invokeMethodN(ScriptBytecodeAdapter.java:167)
	at grails.util.GrailsMain.main(GrailsMain.groovy)
